<?xml version="1.0" encoding="UTF-8"?>
<!-- Generated by org.testng.reporters.JUnitXMLReporter -->
<testsuite ignored="0" hostname="LAPTOP-9APNPGG0" failures="1" tests="1" name="Test" time="22.131" errors="0" timestamp="2025-03-22T13:51:43 IST">
  <testcase classname="testCases.TC004_AddProductToCart" name="addProductToCart" time="11.977">
    <failure type="java.lang.AssertionError" message="expected [true] but found [false]">
      <![CDATA[java.lang.AssertionError: expected [true] but found [false]
at testCases.TC004_AddProductToCart.addProductToCart(TC004_AddProductToCart.java:25)
at java.base/java.util.ArrayList.forEach(ArrayList.java:1511)
... Removed 31 stack frames]]>
    </failure>
  </testcase> <!-- addProductToCart -->
</testsuite> <!-- Test -->
